# JRE version: OpenJDK Runtime Environment Temurin-17.0.6+10 (17.0.6+10) (build 17.0.6+10)
# Java VM: OpenJDK 64-Bit Server VM Temurin-17.0.6+10 (17.0.6+10, mixed mode, sharing, tiered, compressed oops, compressed class ptrs, g1 gc, linux-amd64)
GC Precious Log:
 CPUs: 12 total, 12 available
 Memory: 63584M
 Large Page Support: Disabled
 NUMA Support: Disabled
 Compressed Oops: Enabled (32-bit)
 Heap Region Size: 4M
 Heap Min Capacity: 500M
 Heap Initial Capacity: 500M
 Heap Max Capacity: 500M
 Pre-touch: Enabled
 Parallel Workers: 10
 Concurrent Workers: 3
 Concurrent Refinement Workers: 10
 Periodic GC: Disabled
Heap:
 garbage-first heap   total 512000K, used 308706K [0x00000000e0c00000, 0x0000000100000000)
  region size 4096K, 9 young (36864K), 1 survivors (4096K)
 Metaspace       used 96120K, committed 96896K, reserved 1138688K
  class space    used 12192K, committed 12544K, reserved 1048576K
GC Heap History (20 events):
Event: 9485.452 GC heap before
{Heap before GC invocations=183 (full 0):
 garbage-first heap   total 512000K, used 427344K [0x00000000e0c00000, 0x0000000100000000)
  region size 4096K, 36 young (147456K), 2 survivors (8192K)
 Metaspace       used 96020K, committed 96832K, reserved 1138688K
  class space    used 12193K, committed 12544K, reserved 1048576K
}
Event: 9485.454 GC heap after
{Heap after GC invocations=184 (full 0):
 garbage-first heap   total 512000K, used 292418K [0x00000000e0c00000, 0x0000000100000000)
  region size 4096K, 2 young (8192K), 2 survivors (8192K)
 Metaspace       used 96020K, committed 96832K, reserved 1138688K
  class space    used 12193K, committed 12544K, reserved 1048576K
}
Event: 9568.224 GC heap before
{Heap before GC invocations=185 (full 0):
 garbage-first heap   total 512000K, used 427586K [0x00000000e0c00000, 0x0000000100000000)
  region size 4096K, 36 young (147456K), 2 survivors (8192K)
 Metaspace       used 96014K, committed 96832K, reserved 1138688K
  class space    used 12190K, committed 12544K, reserved 1048576K
}
Event: 9568.226 GC heap after
{Heap after GC invocations=186 (full 0):
 garbage-first heap   total 512000K, used 293609K [0x00000000e0c00000, 0x0000000100000000)
  region size 4096K, 2 young (8192K), 2 survivors (8192K)
 Metaspace       used 96014K, committed 96832K, reserved 1138688K
  class space    used 12190K, committed 12544K, reserved 1048576K
}
Event: 9577.426 GC heap before
{Heap before GC invocations=186 (full 0):
 garbage-first heap   total 512000K, used 309993K [0x00000000e0c00000, 0x0000000100000000)
  region size 4096K, 6 young (24576K), 2 survivors (8192K)
 Metaspace       used 96025K, committed 96832K, reserved 1138688K
  class space    used 12190K, committed 12544K, reserved 1048576K
}
Event: 9577.429 GC heap after
{Heap after GC invocations=187 (full 0):
 garbage-first heap   total 512000K, used 273143K [0x00000000e0c00000, 0x0000000100000000)
  region size 4096K, 1 young (4096K), 1 survivors (4096K)
 Metaspace       used 96025K, committed 96832K, reserved 1138688K
  class space    used 12190K, committed 12544K, reserved 1048576K
}
Event: 9627.431 GC heap before
{Heap before GC invocations=187 (full 0):
 garbage-first heap   total 512000K, used 428791K [0x00000000e0c00000, 0x0000000100000000)
  region size 4096K, 39 young (159744K), 1 survivors (4096K)
 Metaspace       used 96029K, committed 96832K, reserved 1138688K
  class space    used 12191K, committed 12544K, reserved 1048576K
}
Event: 9627.433 GC heap after
{Heap after GC invocations=188 (full 0):
 garbage-first heap   total 512000K, used 284411K [0x00000000e0c00000, 0x0000000100000000)
  region size 4096K, 4 young (16384K), 4 survivors (16384K)
 Metaspace       used 96029K, committed 96832K, reserved 1138688K
  class space    used 12191K, committed 12544K, reserved 1048576K
}
Event: 9660.408 GC heap before
{Heap before GC invocations=188 (full 0):
 garbage-first heap   total 512000K, used 423675K [0x00000000e0c00000, 0x0000000100000000)
  region size 4096K, 38 young (155648K), 4 survivors (16384K)
 Metaspace       used 96030K, committed 96832K, reserved 1138688K
  class space    used 12191K, committed 12544K, reserved 1048576K
}
Event: 9660.410 GC heap after
{Heap after GC invocations=189 (full 0):
 garbage-first heap   total 512000K, used 286414K [0x00000000e0c00000, 0x0000000100000000)
  region size 4096K, 4 young (16384K), 4 survivors (16384K)
 Metaspace       used 96030K, committed 96832K, reserved 1138688K
  class space    used 12191K, committed 12544K, reserved 1048576K
}
Event: 9710.865 GC heap before
{Heap before GC invocations=189 (full 0):
 garbage-first heap   total 512000K, used 421582K [0x00000000e0c00000, 0x0000000100000000)
  region size 4096K, 37 young (151552K), 4 survivors (16384K)
 Metaspace       used 96066K, committed 96832K, reserved 1138688K
  class space    used 12191K, committed 12544K, reserved 1048576K
}
Event: 9710.867 GC heap after
{Heap after GC invocations=190 (full 0):
 garbage-first heap   total 512000K, used 287523K [0x00000000e0c00000, 0x0000000100000000)
  region size 4096K, 2 young (8192K), 2 survivors (8192K)
 Metaspace       used 96066K, committed 96832K, reserved 1138688K
  class space    used 12191K, committed 12544K, reserved 1048576K
}
Event: 9783.888 GC heap before
{Heap before GC invocations=191 (full 0):
 garbage-first heap   total 512000K, used 422691K [0x00000000e0c00000, 0x0000000100000000)
  region size 4096K, 36 young (147456K), 2 survivors (8192K)
 Metaspace       used 96081K, committed 96832K, reserved 1138688K
  class space    used 12192K, committed 12544K, reserved 1048576K
}
Event: 9783.889 GC heap after
{Heap after GC invocations=192 (full 0):
 garbage-first heap   total 512000K, used 288155K [0x00000000e0c00000, 0x0000000100000000)
  region size 4096K, 2 young (8192K), 2 survivors (8192K)
 Metaspace       used 96081K, committed 96832K, reserved 1138688K
  class space    used 12192K, committed 12544K, reserved 1048576K
}
Event: 9790.110 GC heap before
{Heap before GC invocations=192 (full 0):
 garbage-first heap   total 512000K, used 300443K [0x00000000e0c00000, 0x0000000100000000)
  region size 4096K, 6 young (24576K), 2 survivors (8192K)
 Metaspace       used 96081K, committed 96832K, reserved 1138688K
  class space    used 12192K, committed 12544K, reserved 1048576K
}
Event: 9790.112 GC heap after
{Heap after GC invocations=193 (full 0):
 garbage-first heap   total 512000K, used 263500K [0x00000000e0c00000, 0x0000000100000000)
  region size 4096K, 1 young (4096K), 1 survivors (4096K)
 Metaspace       used 96081K, committed 96832K, reserved 1138688K
  class space    used 12192K, committed 12544K, reserved 1048576K
}
Event: 9859.208 GC heap before
{Heap before GC invocations=193 (full 0):
 garbage-first heap   total 512000K, used 419148K [0x00000000e0c00000, 0x0000000100000000)
  region size 4096K, 40 young (163840K), 1 survivors (4096K)
 Metaspace       used 96086K, committed 96832K, reserved 1138688K
  class space    used 12192K, committed 12544K, reserved 1048576K
}
Event: 9859.211 GC heap after
{Heap after GC invocations=194 (full 0):
 garbage-first heap   total 512000K, used 277665K [0x00000000e0c00000, 0x0000000100000000)
  region size 4096K, 4 young (16384K), 4 survivors (16384K)
 Metaspace       used 96086K, committed 96832K, reserved 1138688K
  class space    used 12192K, committed 12544K, reserved 1048576K
}
Event: 9992.294 GC heap before
{Heap before GC invocations=194 (full 0):
 garbage-first heap   total 512000K, used 416929K [0x00000000e0c00000, 0x0000000100000000)
  region size 4096K, 39 young (159744K), 4 survivors (16384K)
 Metaspace       used 96111K, committed 96896K, reserved 1138688K
  class space    used 12192K, committed 12544K, reserved 1048576K
}
Event: 9992.296 GC heap after
{Heap after GC invocations=195 (full 0):
 garbage-first heap   total 512000K, used 280034K [0x00000000e0c00000, 0x0000000100000000)
  region size 4096K, 1 young (4096K), 1 survivors (4096K)
 Metaspace       used 96111K, committed 96896K, reserved 1138688K
  class space    used 12192K, committed 12544K, reserved 1048576K
}

